<?xml version="1.0" encoding="utf-8"?>
<test-run id="2" testcasecount="2" result="Passed" total="2" passed="2" failed="0" inconclusive="0" skipped="0" asserts="0" engine-version="3.5.0.0" clr-version="4.0.30319.42000" start-time="2026-09-14 20:25:33Z" end-time="2026-09-14 20:25:37Z" duration="3.818871">
  <test-suite type="TestSuite" id="1000" name="unity" fullname="unity" runstate="Runnable" testcasecount="20" result="Passed" start-time="2026-09-14 20:25:33Z" end-time="2026-09-14 20:25:37Z" duration="3.818871" total="2" passed="2" failed="0" inconclusive="0" skipped="0" asserts="0">
    <properties>
      <property name="platform" value="EditMode" />
    </properties>
    <test-suite type="Assembly" id="1024" name="IWantToBeTheHero.EditorTests.dll" fullname="C:/Users/marvi/Documents/GitHub/i-want-to-be-the-hero-/unity/Library/ScriptAssemblies/IWantToBeTheHero.EditorTests.dll" runstate="Runnable" testcasecount="20" result="Passed" start-time="2026-09-14 20:25:35Z" end-time="2026-09-14 20:25:37Z" duration="2.559777" total="2" passed="2" failed="0" inconclusive="0" skipped="0" asserts="0">
      <properties>
        <property name="_PID" value="37320" />
        <property name="_APPDOMAIN" value="Unity Child Domain" />
        <property name="platform" value="EditMode" />
        <property name="EditorOnly" value="True" />
      </properties>
      <test-suite type="TestSuite" id="1025" name="IWantToBeTheHero" fullname="IWantToBeTheHero" runstate="Runnable" testcasecount="20" result="Passed" start-time="2026-09-14 20:25:35Z" end-time="2026-09-14 20:25:37Z" duration="2.552734" total="2" passed="2" failed="0" inconclusive="0" skipped="0" asserts="0">
        <properties />
        <test-suite type="TestSuite" id="1026" name="Tests" fullname="IWantToBeTheHero.Tests" runstate="Runnable" testcasecount="20" result="Passed" start-time="2026-09-14 20:25:35Z" end-time="2026-09-14 20:25:37Z" duration="2.543538" total="2" passed="2" failed="0" inconclusive="0" skipped="0" asserts="0">
          <properties />
          <test-suite type="TestFixture" id="1013" name="MovementTests" fullname="IWantToBeTheHero.Tests.MovementTests" classname="IWantToBeTheHero.Tests.MovementTests" runstate="Runnable" testcasecount="10" result="Passed" start-time="2026-09-14 20:25:35Z" end-time="2026-09-14 20:25:37Z" duration="2.538714" total="2" passed="2" failed="0" inconclusive="0" skipped="0" asserts="0">
            <properties />
            <test-case id="1019" name="MovingPlatform_AnimationUsesMovementRelativeToSupport" fullname="IWantToBeTheHero.Tests.MovementTests.MovingPlatform_AnimationUsesMovementRelativeToSupport" methodname="MovingPlatform_AnimationUsesMovementRelativeToSupport" classname="IWantToBeTheHero.Tests.MovementTests" runstate="Runnable" seed="1743403601" result="Passed" start-time="2026-09-14 20:25:03Z" end-time="2026-09-14 20:25:25Z" duration="22.041598" asserts="0">
              <properties>
                <property name="_JOINTYPE" value="UnityCombinatorial" />
              </properties>
            </test-case>
            <test-case id="1020" name="Platforms_OneWayLandingMovingCarryAndLowCeiling" fullname="IWantToBeTheHero.Tests.MovementTests.Platforms_OneWayLandingMovingCarryAndLowCeiling" methodname="Platforms_OneWayLandingMovingCarryAndLowCeiling" classname="IWantToBeTheHero.Tests.MovementTests" runstate="Runnable" seed="902688330" result="Passed" start-time="2026-09-14 20:25:25Z" end-time="2026-09-14 20:25:37Z" duration="12.220508" asserts="0">
              <properties>
                <property name="_JOINTYPE" value="UnityCombinatorial" />
                <property name="retryIteration" value="0" />
                <property name="repeatIteration" value="0" />
              </properties>
              <output><![CDATA[Saving results to: C:\Users\marvi\Documents\GitHub\i-want-to-be-the-hero-\unity\Logs\hero-lifecycle-results.xml
]]></output>
            </test-case>
          </test-suite>
        </test-suite>
      </test-suite>
    </test-suite>
  </test-suite>
</test-run>