<?xml version="1.0" encoding="utf-8"?>
<test-run id="2" testcasecount="10" result="Passed" total="10" passed="10" failed="0" inconclusive="0" skipped="0" asserts="0" engine-version="3.5.0.0" clr-version="4.0.30319.42000" start-time="2026-09-16 00:21:50Z" end-time="2026-09-16 00:21:53Z" duration="2.8752403">
  <test-suite type="TestSuite" id="1000" name="I Want to Be the Hero" fullname="I Want to Be the Hero" runstate="Runnable" testcasecount="32" result="Passed" start-time="2026-09-16 00:21:50Z" end-time="2026-09-16 00:21:53Z" duration="2.875240" total="10" passed="10" failed="0" inconclusive="0" skipped="0" asserts="0">
    <properties>
      <property name="platform" value="EditMode" />
    </properties>
    <test-suite type="Assembly" id="1041" name="IWantToBeTheHero.EditorTests.dll" fullname="C:/Users/marvi/Documents/GitHub/i-want-to-be-the-hero-/unity/Library/ScriptAssemblies/IWantToBeTheHero.EditorTests.dll" runstate="Runnable" testcasecount="32" result="Passed" start-time="2026-09-16 00:21:52Z" end-time="2026-09-16 00:21:53Z" duration="1.174918" total="10" passed="10" failed="0" inconclusive="0" skipped="0" asserts="0">
      <properties>
        <property name="_PID" value="40476" />
        <property name="_APPDOMAIN" value="Unity Child Domain" />
        <property name="platform" value="EditMode" />
        <property name="EditorOnly" value="True" />
      </properties>
      <test-suite type="TestSuite" id="1042" name="IWantToBeTheHero" fullname="IWantToBeTheHero" runstate="Runnable" testcasecount="32" result="Passed" start-time="2026-09-16 00:21:52Z" end-time="2026-09-16 00:21:53Z" duration="1.168502" total="10" passed="10" failed="0" inconclusive="0" skipped="0" asserts="0">
        <properties />
        <test-suite type="TestSuite" id="1043" name="Tests" fullname="IWantToBeTheHero.Tests" runstate="Runnable" testcasecount="32" result="Passed" start-time="2026-09-16 00:21:52Z" end-time="2026-09-16 00:21:53Z" duration="1.145849" total="10" passed="10" failed="0" inconclusive="0" skipped="0" asserts="0">
          <properties />
          <test-suite type="TestFixture" id="1001" name="AccessibilityTests" fullname="IWantToBeTheHero.Tests.AccessibilityTests" classname="IWantToBeTheHero.Tests.AccessibilityTests" runstate="Runnable" testcasecount="3" result="Passed" start-time="2026-09-16 00:19:25Z" end-time="2026-09-16 00:19:32Z" duration="6.900414" total="3" passed="3" failed="0" inconclusive="0" skipped="0" asserts="0">
            <properties />
            <test-case id="1004" name="MutedAudioKeepsVisualStatusAvailable" fullname="IWantToBeTheHero.Tests.AccessibilityTests.MutedAudioKeepsVisualStatusAvailable" methodname="MutedAudioKeepsVisualStatusAvailable" classname="IWantToBeTheHero.Tests.AccessibilityTests" runstate="Runnable" seed="820552842" result="Passed" start-time="2026-09-16 00:18:25Z" end-time="2026-09-16 00:18:45Z" duration="20.194771" asserts="0">
              <properties>
                <property name="_JOINTYPE" value="UnityCombinatorial" />
              </properties>
            </test-case>
            <test-case id="1003" name="ReducedEffectsStopsOptionalMotionAndParticles" fullname="IWantToBeTheHero.Tests.AccessibilityTests.ReducedEffectsStopsOptionalMotionAndParticles" methodname="ReducedEffectsStopsOptionalMotionAndParticles" classname="IWantToBeTheHero.Tests.AccessibilityTests" runstate="Runnable" seed="1768345253" result="Passed" start-time="2026-09-16 00:18:45Z" end-time="2026-09-16 00:19:05Z" duration="19.998343" asserts="0">
              <properties>
                <property name="_JOINTYPE" value="UnityCombinatorial" />
              </properties>
            </test-case>
            <test-case id="1002" name="TitleOffersPersistentReadableControls" fullname="IWantToBeTheHero.Tests.AccessibilityTests.TitleOffersPersistentReadableControls" methodname="TitleOffersPersistentReadableControls" classname="IWantToBeTheHero.Tests.AccessibilityTests" runstate="Runnable" seed="1083343026" result="Passed" start-time="2026-09-16 00:19:05Z" end-time="2026-09-16 00:19:32Z" duration="26.541656" asserts="0">
              <properties>
                <property name="_JOINTYPE" value="UnityCombinatorial" />
              </properties>
            </test-case>
          </test-suite>
          <test-suite type="TestFixture" id="1020" name="LifecycleTests" fullname="IWantToBeTheHero.Tests.LifecycleTests" classname="IWantToBeTheHero.Tests.LifecycleTests" runstate="Runnable" testcasecount="4" result="Passed" start-time="2026-09-16 00:21:06Z" end-time="2026-09-16 00:21:09Z" duration="3.395705" total="4" passed="4" failed="0" inconclusive="0" skipped="0" asserts="0">
            <properties />
            <test-case id="1024" name="LethalDamage_RespawnsAndClearsTheBossAttempt" fullname="IWantToBeTheHero.Tests.LifecycleTests.LethalDamage_RespawnsAndClearsTheBossAttempt" methodname="LethalDamage_RespawnsAndClearsTheBossAttempt" classname="IWantToBeTheHero.Tests.LifecycleTests" runstate="Runnable" seed="1461700409" result="Passed" start-time="2026-09-16 00:19:32Z" end-time="2026-09-16 00:19:57Z" duration="24.850043" asserts="0">
              <properties>
                <property name="_JOINTYPE" value="UnityCombinatorial" />
              </properties>
            </test-case>
            <test-case id="1022" name="RestartAfterLostSceneCallback_RebuildsWorld" fullname="IWantToBeTheHero.Tests.LifecycleTests.RestartAfterLostSceneCallback_RebuildsWorld" methodname="RestartAfterLostSceneCallback_RebuildsWorld" classname="IWantToBeTheHero.Tests.LifecycleTests" runstate="Runnable" seed="353806903" result="Passed" start-time="2026-09-16 00:19:57Z" end-time="2026-09-16 00:20:18Z" duration="20.778882" asserts="0">
              <properties>
                <property name="_JOINTYPE" value="UnityCombinatorial" />
              </properties>
            </test-case>
            <test-case id="1023" name="TenFalls_KeepCheckpointAndSpark_ResetEveryEnemy" fullname="IWantToBeTheHero.Tests.LifecycleTests.TenFalls_KeepCheckpointAndSpark_ResetEveryEnemy" methodname="TenFalls_KeepCheckpointAndSpark_ResetEveryEnemy" classname="IWantToBeTheHero.Tests.LifecycleTests" runstate="Runnable" seed="1308458051" result="Passed" start-time="2026-09-16 00:20:18Z" end-time="2026-09-16 00:20:39Z" duration="21.316855" asserts="0">
              <properties>
                <property name="_JOINTYPE" value="UnityCombinatorial" />
              </properties>
            </test-case>
            <test-case id="1021" name="TwentyRestarts_RebuildExactlyOneWorldAndClearInputs" fullname="IWantToBeTheHero.Tests.LifecycleTests.TwentyRestarts_RebuildExactlyOneWorldAndClearInputs" methodname="TwentyRestarts_RebuildExactlyOneWorldAndClearInputs" classname="IWantToBeTheHero.Tests.LifecycleTests" runstate="Runnable" seed="1544516410" result="Passed" start-time="2026-09-16 00:20:39Z" end-time="2026-09-16 00:21:09Z" duration="30.062934" asserts="0">
              <properties>
                <property name="_JOINTYPE" value="UnityCombinatorial" />
              </properties>
            </test-case>
          </test-suite>
          <test-suite type="TestFixture" id="1025" name="MainPolishTests" fullname="IWantToBeTheHero.Tests.MainPolishTests" classname="IWantToBeTheHero.Tests.MainPolishTests" runstate="Runnable" testcasecount="2" result="Passed" start-time="2026-09-16 00:21:52Z" end-time="2026-09-16 00:21:53Z" duration="0.824410" total="2" passed="2" failed="0" inconclusive="0" skipped="0" asserts="0">
            <properties />
            <test-case id="1027" name="Main_AbilitiesAndBackdropCoverage" fullname="IWantToBeTheHero.Tests.MainPolishTests.Main_AbilitiesAndBackdropCoverage" methodname="Main_AbilitiesAndBackdropCoverage" classname="IWantToBeTheHero.Tests.MainPolishTests" runstate="Runnable" seed="2035756999" result="Passed" start-time="2026-09-16 00:21:09Z" end-time="2026-09-16 00:21:30Z" duration="20.750496" asserts="0">
              <properties>
                <property name="_JOINTYPE" value="UnityCombinatorial" />
              </properties>
            </test-case>
            <test-case id="1026" name="Main_PauseFreezesInputsAndRestartRestoresTime" fullname="IWantToBeTheHero.Tests.MainPolishTests.Main_PauseFreezesInputsAndRestartRestoresTime" methodname="Main_PauseFreezesInputsAndRestartRestoresTime" classname="IWantToBeTheHero.Tests.MainPolishTests" runstate="Runnable" seed="844212323" result="Passed" start-time="2026-09-16 00:21:30Z" end-time="2026-09-16 00:21:53Z" duration="22.332788" asserts="0">
              <properties>
                <property name="_JOINTYPE" value="UnityCombinatorial" />
                <property name="retryIteration" value="0" />
                <property name="repeatIteration" value="0" />
              </properties>
            </test-case>
          </test-suite>
          <test-suite type="TestFixture" id="1028" name="MainSceneAuthoringTests" fullname="IWantToBeTheHero.Tests.MainSceneAuthoringTests" classname="IWantToBeTheHero.Tests.MainSceneAuthoringTests" runstate="Runnable" testcasecount="1" result="Passed" start-time="2026-09-16 00:21:53Z" end-time="2026-09-16 00:21:53Z" duration="0.202967" total="1" passed="1" failed="0" inconclusive="0" skipped="0" asserts="0">
            <properties />
            <test-case id="1029" name="MainScene_ContainsEditableLevelAndSavedCamera" fullname="IWantToBeTheHero.Tests.MainSceneAuthoringTests.MainScene_ContainsEditableLevelAndSavedCamera" methodname="MainScene_ContainsEditableLevelAndSavedCamera" classname="IWantToBeTheHero.Tests.MainSceneAuthoringTests" runstate="Runnable" seed="1147365804" result="Passed" start-time="2026-09-16 00:21:53Z" end-time="2026-09-16 00:21:53Z" duration="0.193571" asserts="0">
              <properties>
                <property name="retryIteration" value="0" />
                <property name="repeatIteration" value="0" />
              </properties>
              <output><![CDATA[Saving results to: C:\Users\marvi\Documents\GitHub\i-want-to-be-the-hero-\unity\Logs\hero-lifecycle-results.xml
]]></output>
            </test-case>
          </test-suite>
        </test-suite>
      </test-suite>
    </test-suite>
  </test-suite>
</test-run>