<?xml version="1.0" encoding="utf-8"?>
<test-run id="2" testcasecount="1" result="Passed" total="1" passed="1" failed="0" inconclusive="0" skipped="0" asserts="0" engine-version="3.5.0.0" clr-version="4.0.30319.42000" start-time="2026-09-16 23:00:11Z" end-time="2026-09-16 23:00:15Z" duration="3.7140927">
  <test-suite type="TestSuite" id="1000" name="I Want to Be the Hero" fullname="I Want to Be the Hero" runstate="Runnable" testcasecount="38" result="Passed" start-time="2026-09-16 23:00:11Z" end-time="2026-09-16 23:00:15Z" duration="3.714093" total="1" passed="1" failed="0" inconclusive="0" skipped="0" asserts="0">
    <properties>
      <property name="platform" value="EditMode" />
    </properties>
    <test-suite type="Assembly" id="1049" name="IWantToBeTheHero.EditorTests.dll" fullname="C:/Users/marvi/Documents/GitHub/i-want-to-be-the-hero-/unity/Library/ScriptAssemblies/IWantToBeTheHero.EditorTests.dll" runstate="Runnable" testcasecount="38" result="Passed" start-time="2026-09-16 23:00:12Z" end-time="2026-09-16 23:00:15Z" duration="2.151365" total="1" passed="1" failed="0" inconclusive="0" skipped="0" asserts="0">
      <properties>
        <property name="_PID" value="40476" />
        <property name="_APPDOMAIN" value="Unity Child Domain" />
        <property name="platform" value="EditMode" />
        <property name="EditorOnly" value="True" />
      </properties>
      <test-suite type="TestSuite" id="1050" name="IWantToBeTheHero" fullname="IWantToBeTheHero" runstate="Runnable" testcasecount="38" result="Passed" start-time="2026-09-16 23:00:13Z" end-time="2026-09-16 23:00:15Z" duration="2.103654" total="1" passed="1" failed="0" inconclusive="0" skipped="0" asserts="0">
        <properties />
        <test-suite type="TestSuite" id="1051" name="Tests" fullname="IWantToBeTheHero.Tests" runstate="Runnable" testcasecount="38" result="Passed" start-time="2026-09-16 23:00:13Z" end-time="2026-09-16 23:00:15Z" duration="2.050113" total="1" passed="1" failed="0" inconclusive="0" skipped="0" asserts="0">
          <properties />
          <test-suite type="TestFixture" id="1016" name="DeliveryCandidateTests" fullname="IWantToBeTheHero.Tests.DeliveryCandidateTests" classname="IWantToBeTheHero.Tests.DeliveryCandidateTests" runstate="Runnable" testcasecount="3" result="Passed" start-time="2026-09-16 23:00:13Z" end-time="2026-09-16 23:00:15Z" duration="2.031549" total="1" passed="1" failed="0" inconclusive="0" skipped="0" asserts="0">
            <properties />
            <test-case id="1017" name="EveryCheckpoint_RealTriggerThenFall_LandsWithoutRespawnLoop" fullname="IWantToBeTheHero.Tests.DeliveryCandidateTests.EveryCheckpoint_RealTriggerThenFall_LandsWithoutRespawnLoop" methodname="EveryCheckpoint_RealTriggerThenFall_LandsWithoutRespawnLoop" classname="IWantToBeTheHero.Tests.DeliveryCandidateTests" runstate="Runnable" seed="1279509086" result="Passed" start-time="2026-09-16 22:59:44Z" end-time="2026-09-16 23:00:14Z" duration="30.888811" asserts="0">
              <properties>
                <property name="_JOINTYPE" value="UnityCombinatorial" />
                <property name="retryIteration" value="0" />
                <property name="repeatIteration" value="0" />
              </properties>
              <output><![CDATA[Saving results to: C:\Users\marvi\Documents\GitHub\i-want-to-be-the-hero-\unity\Logs\hero-lifecycle-results.xml
]]></output>
            </test-case>
          </test-suite>
        </test-suite>
      </test-suite>
    </test-suite>
  </test-suite>
</test-run>